2023-03-12T14:00:33.625Z - verbose: Arguments:
2023-03-12T14:00:33.626Z - verbose:   C:\CocosDashboard_1.2.5\resources\.editors\Creator\3.7.0\CocosCreator.exe: true
2023-03-12T14:00:33.626Z - verbose:   project: C:\Users\trung\Desktop\Subject\cong-cu-moi-truong-phat-trien-phan-mem\game_doi_khang_multiphayer_socket_cocos_creator_nodejs
2023-03-12T14:00:33.626Z - verbose:   dev: false
2023-03-12T14:00:33.626Z - verbose:   home: C:\Users\trung\.CocosCreator
2023-03-12T14:00:33.626Z - verbose:  
2023-03-12T14:00:39.208Z - verbose: [Package] menu@1.0.0 enable
2023-03-12T14:00:39.216Z - verbose: [Package] profile@1.0.0 enable
2023-03-12T14:00:39.255Z - verbose: [Package] project@1.0.4 enable
2023-03-12T14:00:39.271Z - verbose: [Package] messages@1.0.0 enable
2023-03-12T14:00:39.391Z - verbose: [Package] program@1.0.3 enable
2023-03-12T14:00:39.413Z - verbose: [Package] tester@1.0.0 enable
2023-03-12T14:00:39.424Z - verbose: [Package] information@1.0.0 enable
2023-03-12T14:00:39.447Z - verbose: [Package] preferences@1.0.0 enable
2023-03-12T14:00:51.836Z - log: Load engine in C:\CocosDashboard_1.2.5\resources\.editors\Creator\3.7.0\resources\resources\3d\engine
2023-03-12T14:00:52.049Z - error: certificate has expiredError: certificate has expired
    at TLSSocket.onConnectSecure (_tls_wrap.js:1497:34)
    at TLSSocket.emit (events.js:315:20)
    at TLSSocket._finishInit (_tls_wrap.js:932:8)
    at TLSWrap.onhandshakedone (_tls_wrap.js:706:12)
2023-03-12T14:00:52.706Z - error: certificate has expiredError: certificate has expired
    at TLSSocket.onConnectSecure (_tls_wrap.js:1497:34)
    at TLSSocket.emit (events.js:315:20)
    at TLSSocket._finishInit (_tls_wrap.js:932:8)
    at TLSWrap.onhandshakedone (_tls_wrap.js:706:12)
2023-03-12T14:00:55.125Z - log: Register native engine in C:\CocosDashboard_1.2.5\resources\.editors\Creator\3.7.0\resources\resources\3d\engine\native
2023-03-12T14:00:55.130Z - verbose: [Package] engine@1.0.7 enable
2023-03-12T14:00:56.864Z - verbose: [Package] programming@1.0.0 enable
2023-03-12T14:00:56.889Z - verbose: [Package] device@1.0.1 enable
2023-03-12T14:00:56.905Z - verbose: [Package] ui-kit@1.0.1 enable
2023-03-12T14:00:57.590Z - verbose: [Package] asset-db@1.0.0 enable
2023-03-12T14:00:57.660Z - verbose: [Package] scene@1.0.0 enable
2023-03-12T14:00:58.026Z - verbose: [Package] server@1.0.0 enable
2023-03-12T14:00:58.261Z - verbose: [Package] utils@1.0.0 enable
2023-03-12T14:01:42.902Z - verbose: [Package] preview@1.0.1 enable
2023-03-12T14:01:42.965Z - verbose: [Package] animator@1.0.0 enable
2023-03-12T14:01:43.412Z - verbose: [Build-plugin] register pkg scene: 3ms
2023-03-12T14:01:43.412Z - verbose: Builder PluginManager init: 3ms
2023-03-12T14:01:43.415Z - log: Profile changed: builder (log.level: 4)
2023-03-12T14:01:43.423Z - verbose: [Package] builder@1.3.4 enable
2023-03-12T14:01:43.471Z - verbose: [Package] shortcuts@1.0.1 enable
2023-03-12T14:01:43.521Z - verbose: [Package] animation-graph@1.0.0 enable
2023-03-12T14:01:43.561Z - verbose: [Package] about@1.0.0 enable
2023-03-12T14:01:43.610Z - verbose: [Package] assets@1.0.0 enable
2023-03-12T14:01:43.655Z - verbose: [Package] console@1.0.0 enable
2023-03-12T14:01:44.502Z - verbose: [Package] crash-reporter@1.0.0 enable
2023-03-12T14:01:45.432Z - verbose: [Package] extension@3.1.0 enable
2023-03-12T14:01:45.480Z - verbose: [Package] hierarchy@1.0.0 enable
2023-03-12T14:01:45.534Z - verbose: [Package] inspector@1.0.0 enable
2023-03-12T14:01:45.581Z - verbose: [Package] light-probe@1.0.4 enable
2023-03-12T14:01:45.646Z - verbose: [Package] lightmap@1.0.4 enable
2023-03-12T14:01:45.696Z - verbose: [Package] node-library@1.0.1 enable
2023-03-12T14:01:45.724Z - verbose: [Package] package-asset@1.0.1 enable
2023-03-12T14:01:45.779Z - verbose: [Package] process@1.0.0 enable
2023-03-12T14:01:45.850Z - verbose: [Package] reference-image@1.0.0 enable
2023-03-12T14:01:45.905Z - verbose: [Package] reflection-probe@1.0.4 enable
2023-03-12T14:01:45.938Z - verbose: [Package] engine-extends@1.0.0 enable
2023-03-12T14:01:45.967Z - verbose: [Package] alipay-mini-game@1.0.1 enable
2023-03-12T14:01:46.000Z - verbose: [Package] android@1.0.1 enable
2023-03-12T14:01:46.156Z - verbose: [Package] bytedance-mini-game@1.0.2 enable
2023-03-12T14:01:46.188Z - verbose: [Package] certificate@1.0.0 enable
2023-03-12T14:01:46.213Z - verbose: [Package] channel-upload-tools@1.0.0 enable
2023-03-12T14:01:46.248Z - verbose: [Package] fb-instant-games@1.0.0 enable
2023-03-12T14:01:46.296Z - verbose: [Package] huawei-agc@1.0.0 enable
2023-03-12T14:01:46.341Z - verbose: [Package] huawei-quick-game@1.0.1 enable
2023-03-12T14:01:46.381Z - verbose: [Package] ios@1.0.0 enable
2023-03-12T14:01:46.411Z - verbose: [Package] linux@1.0.0 enable
2023-03-12T14:01:46.437Z - verbose: [Package] mac@1.0.0 enable
2023-03-12T14:01:46.681Z - verbose: [Package] native@1.0.2 enable
2023-03-12T14:01:46.826Z - verbose: [Build-plugin] register pkg native: 145ms
2023-03-12T14:01:46.834Z - verbose: [Package] ohos@1.0.0 enable
2023-03-12T14:01:46.854Z - verbose: [Build-plugin] register pkg android: 854ms
2023-03-12T14:01:46.857Z - verbose: [Build-plugin] register pkg bytedance-mini-game: 701ms
2023-03-12T14:01:46.866Z - verbose: [Build-plugin] register pkg fb-instant-games: 618ms
2023-03-12T14:01:46.873Z - verbose: [Build-plugin] register pkg huawei-agc: 576ms
2023-03-12T14:01:46.880Z - verbose: [Build-plugin] register pkg ios: 499ms
2023-03-12T14:01:46.888Z - verbose: [Build-plugin] register pkg mac: 451ms
2023-03-12T14:01:46.894Z - verbose: [Build-plugin] register pkg huawei-quick-game: 553ms
2023-03-12T14:01:46.902Z - verbose: [Package] open-harmonyos@1.0.0 enable
2023-03-12T14:01:46.934Z - verbose: [Package] oppo-mini-game@1.0.1 enable
2023-03-12T14:01:46.981Z - verbose: [Package] runtime-dev-tools@1.0.0 enable
2023-03-12T14:01:47.011Z - verbose: [Package] taobao-creative-app@1.0.0 enable
2023-03-12T14:01:47.043Z - verbose: [Package] vivo-mini-game@1.0.1 enable
2023-03-12T14:01:47.063Z - verbose: [Build-plugin] register pkg ohos: 229ms
2023-03-12T14:01:47.140Z - verbose: [Package] web-desktop@1.0.1 enable
2023-03-12T14:01:47.154Z - verbose: [Build-plugin] register pkg oppo-mini-game: 219ms
2023-03-12T14:01:47.202Z - verbose: [Package] web-mobile@1.0.1 enable
2023-03-12T14:01:47.218Z - verbose: [Build-plugin] register pkg taobao-creative-app: 207ms
2023-03-12T14:01:47.258Z - verbose: [Package] wechatgame@1.0.2 enable
2023-03-12T14:01:47.302Z - verbose: [Package] windows@1.0.1 enable
2023-03-12T14:01:47.315Z - verbose: [Build-plugin] register pkg vivo-mini-game: 272ms
2023-03-12T14:01:47.337Z - verbose: [Package] xiaomi-quick-game@1.0.1 enable
2023-03-12T14:01:48.073Z - verbose: [Package] cocos-service@3.0.5 enable
2023-03-12T14:01:48.159Z - verbose: [Build-plugin] register pkg cocos-service: 84ms
2023-03-12T14:01:48.676Z - verbose: [Package] im-plugin@3.0.10 enable
2023-03-12T14:01:48.681Z - verbose: [Build-plugin] register pkg web-desktop: 1539ms
2023-03-12T14:01:48.685Z - verbose: [Build-plugin] register pkg web-mobile: 1481ms
2023-03-12T14:01:48.689Z - verbose: [Build-plugin] register pkg wechatgame: 1431ms
2023-03-12T14:01:48.693Z - verbose: [Build-plugin] register pkg windows: 1391ms
2023-03-12T14:01:48.696Z - verbose: [Build-plugin] register pkg xiaomi-quick-game: 1359ms
2023-03-12T14:01:48.716Z - verbose: [Package] placeholder@1.0.0 enable
2023-03-12T14:02:17.177Z - verbose: asset-db is ready!
2023-03-12T14:02:19.966Z - info: [Scene] [Physics][Bullet]: Using asmjs Bullet libs.
2023-03-12T14:02:19.986Z - info: [Scene] [PHYSICS]: using builtin.
2023-03-12T14:02:20.975Z - log: [Scene] Cocos Creator v3.7.0
2023-03-12T14:02:20.976Z - info: [Scene] Forward render pipeline initialized.
2023-03-12T14:02:21.233Z - info: [Scene] [PHYSICS2D]: switch from builtin to box2d.
2023-03-12T14:03:14.507Z - error: certificate has expiredError: certificate has expired
    at TLSSocket.onConnectSecure (_tls_wrap.js:1497:34)
    at TLSSocket.emit (events.js:315:20)
    at TLSSocket.emit (domain.js:467:12)
    at TLSSocket._finishInit (_tls_wrap.js:932:8)
    at TLSWrap.onhandshakedone (_tls_wrap.js:706:12)
2023-03-12T14:03:30.945Z - warn: [Scene] builtin physics does not support PlaneColliderError: [Scene] builtin physics does not support PlaneCollider
    at warn (C:\CocosDashboard_1.2.5\resources\.editors\Creator\3.7.0\resources\resources\3d\engine\bin\.cache\dev\editor\bundled\index.js:167415:12)
    at check (C:\CocosDashboard_1.2.5\resources\.editors\Creator\3.7.0\resources\resources\3d\engine\bin\.cache\dev\editor\bundled\index.js:208957:9)
    at Object.createPlaneShape (C:\CocosDashboard_1.2.5\resources\.editors\Creator\3.7.0\resources\resources\3d\engine\bin\.cache\dev\editor\bundled\index.js:209059:11)
    at createShape (C:\CocosDashboard_1.2.5\resources\.editors\Creator\3.7.0\resources\resources\3d\engine\bin\.cache\dev\editor\bundled\index.js:208987:39)
    at PlaneCollider.onLoad (C:\CocosDashboard_1.2.5\resources\.editors\Creator\3.7.0\resources\resources\3d\engine\bin\.cache\dev\editor\bundled\index.js:297426:25)
    at eval (C:\CocosDashboard_1.2.5\resources\.editors\Creator\3.7.0\resources\resources\3d\engine\bin\.cache\dev\editor\bundled\index.js:47533:16)
    at OneOffInvoker.eval [as _invoke] (C:\CocosDashboard_1.2.5\resources\.editors\Creator\3.7.0\resources\resources\3d\engine\bin\.cache\dev\editor\bundled\index.js:45546:9)
2023-03-12T14:03:44.416Z - error: certificate has expiredError: certificate has expired
    at TLSSocket.onConnectSecure (_tls_wrap.js:1497:34)
    at TLSSocket.emit (events.js:315:20)
    at TLSSocket.emit (domain.js:467:12)
    at TLSSocket._finishInit (_tls_wrap.js:932:8)
    at TLSWrap.onhandshakedone (_tls_wrap.js:706:12)
2023-03-12T14:06:33.683Z - error: certificate has expiredError: certificate has expired
    at TLSSocket.onConnectSecure (_tls_wrap.js:1497:34)
    at TLSSocket.emit (events.js:315:20)
    at TLSSocket.emit (domain.js:467:12)
    at TLSSocket._finishInit (_tls_wrap.js:932:8)
    at TLSWrap.onhandshakedone (_tls_wrap.js:706:12)
2023-03-12T14:06:33.710Z - error: certificate has expiredError: certificate has expired
    at TLSSocket.onConnectSecure (_tls_wrap.js:1497:34)
    at TLSSocket.emit (events.js:315:20)
    at TLSSocket.emit (domain.js:467:12)
    at TLSSocket._finishInit (_tls_wrap.js:932:8)
    at TLSWrap.onhandshakedone (_tls_wrap.js:706:12)
2023-03-12T14:06:33.929Z - error: certificate has expiredError: certificate has expired
    at TLSSocket.onConnectSecure (_tls_wrap.js:1497:34)
    at TLSSocket.emit (events.js:315:20)
    at TLSSocket.emit (domain.js:467:12)
    at TLSSocket._finishInit (_tls_wrap.js:932:8)
    at TLSWrap.onhandshakedone (_tls_wrap.js:706:12)
2023-03-12T14:11:33.707Z - error: certificate has expiredError: certificate has expired
    at TLSSocket.onConnectSecure (_tls_wrap.js:1497:34)
    at TLSSocket.emit (events.js:315:20)
    at TLSSocket.emit (domain.js:467:12)
    at TLSSocket._finishInit (_tls_wrap.js:932:8)
    at TLSWrap.onhandshakedone (_tls_wrap.js:706:12)
2023-03-12T14:11:33.726Z - error: certificate has expiredError: certificate has expired
    at TLSSocket.onConnectSecure (_tls_wrap.js:1497:34)
    at TLSSocket.emit (events.js:315:20)
    at TLSSocket.emit (domain.js:467:12)
    at TLSSocket._finishInit (_tls_wrap.js:932:8)
    at TLSWrap.onhandshakedone (_tls_wrap.js:706:12)
2023-03-12T14:13:07.987Z - error: [Scene] Cannot read property 'colorTextures' of nullTypeError: Cannot read property 'colorTextures' of null
    at PreviewBuffer.copyFrameBuffer (C:\CocosDashboard_1.2.5\resources\.editors\Creator\3.7.0\resources\app.asar\builtin\scene\dist\script\3d\manager\preview\buffer.ccc:1:3612)
    at C:\CocosDashboard_1.2.5\resources\.editors\Creator\3.7.0\resources\app.asar\builtin\scene\dist\script\3d\manager\preview\buffer.ccc:1:5639
    at Director.emit (C:\CocosDashboard_1.2.5\resources\.editors\Creator\3.7.0\resources\resources\3d\engine\bin\.cache\dev\editor\bundled\index.js:150660:19)
    at Director.tick (C:\CocosDashboard_1.2.5\resources\.editors\Creator\3.7.0\resources\resources\3d\engine\bin\.cache\dev\editor\bundled\index.js:18751:18)
    at EngineManager.tickInEditMode (C:\CocosDashboard_1.2.5\resources\.editors\Creator\3.7.0\resources\app.asar\builtin\scene\dist\script\3d\manager\engine\index.ccc:1:2996)
    at EngineManager._tick (C:\CocosDashboard_1.2.5\resources\.editors\Creator\3.7.0\resources\app.asar\builtin\scene\dist\script\3d\manager\engine\index.ccc:1:4061)
2023-03-12T14:13:07.993Z - warn: [Scene] You are trying to destroy a object twice or more.Error: [Scene] You are trying to destroy a object twice or more.
    at warn (C:\CocosDashboard_1.2.5\resources\.editors\Creator\3.7.0\resources\resources\3d\engine\bin\.cache\dev\editor\bundled\index.js:167415:12)
    at warnID (C:\CocosDashboard_1.2.5\resources\.editors\Creator\3.7.0\resources\resources\3d\engine\bin\.cache\dev\editor\bundled\index.js:167634:5)
    at Node.destroy (C:\CocosDashboard_1.2.5\resources\.editors\Creator\3.7.0\resources\resources\3d\engine\bin\.cache\dev\editor\bundled\index.js:149959:13)
    at Node.destroy (C:\CocosDashboard_1.2.5\resources\.editors\Creator\3.7.0\resources\resources\3d\engine\bin\.cache\dev\editor\bundled\index.js:50217:21)
    at MiniPreview.clearByComponent (C:\CocosDashboard_1.2.5\resources\.editors\Creator\3.7.0\resources\app.asar\builtin\scene\dist\script\3d\manager\mini-preview\index.ccc:1:3474)
    at MiniPreview.removePreviewNode (C:\CocosDashboard_1.2.5\resources\.editors\Creator\3.7.0\resources\app.asar\builtin\scene\dist\script\3d\manager\mini-preview\index.ccc:1:3773)
    at MiniPreview.handleUnselect (C:\CocosDashboard_1.2.5\resources\.editors\Creator\3.7.0\resources\app.asar\builtin\scene\dist\script\3d\manager\mini-preview\index.ccc:1:3166)
2023-03-12T14:13:08.000Z - error: [Window] Animation node(58vZB6Cs1MkYeaaANNZU3K) doesn't exist
2023-03-12T14:14:18.734Z - warn: [Scene] builtin physics does not support PlaneColliderError: [Scene] builtin physics does not support PlaneCollider
    at warn (C:\CocosDashboard_1.2.5\resources\.editors\Creator\3.7.0\resources\resources\3d\engine\bin\.cache\dev\editor\bundled\index.js:167415:12)
    at check (C:\CocosDashboard_1.2.5\resources\.editors\Creator\3.7.0\resources\resources\3d\engine\bin\.cache\dev\editor\bundled\index.js:208957:9)
    at Object.createPlaneShape (C:\CocosDashboard_1.2.5\resources\.editors\Creator\3.7.0\resources\resources\3d\engine\bin\.cache\dev\editor\bundled\index.js:209059:11)
    at createShape (C:\CocosDashboard_1.2.5\resources\.editors\Creator\3.7.0\resources\resources\3d\engine\bin\.cache\dev\editor\bundled\index.js:208987:39)
    at PlaneCollider.onLoad (C:\CocosDashboard_1.2.5\resources\.editors\Creator\3.7.0\resources\resources\3d\engine\bin\.cache\dev\editor\bundled\index.js:297426:25)
    at eval (C:\CocosDashboard_1.2.5\resources\.editors\Creator\3.7.0\resources\resources\3d\engine\bin\.cache\dev\editor\bundled\index.js:47533:16)
    at OneOffInvoker.eval [as _invoke] (C:\CocosDashboard_1.2.5\resources\.editors\Creator\3.7.0\resources\resources\3d\engine\bin\.cache\dev\editor\bundled\index.js:45546:9)
2023-03-12T14:14:45.943Z - error: [Window] Animation node(dbFMk2qMxDxqrHXocf+tJL) doesn't exist
2023-03-12T14:14:48.491Z - warn: [Scene] builtin physics does not support PlaneColliderError: [Scene] builtin physics does not support PlaneCollider
    at warn (C:\CocosDashboard_1.2.5\resources\.editors\Creator\3.7.0\resources\resources\3d\engine\bin\.cache\dev\editor\bundled\index.js:167415:12)
    at check (C:\CocosDashboard_1.2.5\resources\.editors\Creator\3.7.0\resources\resources\3d\engine\bin\.cache\dev\editor\bundled\index.js:208957:9)
    at Object.createPlaneShape (C:\CocosDashboard_1.2.5\resources\.editors\Creator\3.7.0\resources\resources\3d\engine\bin\.cache\dev\editor\bundled\index.js:209059:11)
    at createShape (C:\CocosDashboard_1.2.5\resources\.editors\Creator\3.7.0\resources\resources\3d\engine\bin\.cache\dev\editor\bundled\index.js:208987:39)
    at PlaneCollider.onLoad (C:\CocosDashboard_1.2.5\resources\.editors\Creator\3.7.0\resources\resources\3d\engine\bin\.cache\dev\editor\bundled\index.js:297426:25)
    at eval (C:\CocosDashboard_1.2.5\resources\.editors\Creator\3.7.0\resources\resources\3d\engine\bin\.cache\dev\editor\bundled\index.js:47533:16)
    at OneOffInvoker.eval [as _invoke] (C:\CocosDashboard_1.2.5\resources\.editors\Creator\3.7.0\resources\resources\3d\engine\bin\.cache\dev\editor\bundled\index.js:45546:9)
2023-03-12T14:15:24.320Z - warn: [Scene] builtin physics does not support PlaneColliderError: [Scene] builtin physics does not support PlaneCollider
    at warn (C:\CocosDashboard_1.2.5\resources\.editors\Creator\3.7.0\resources\resources\3d\engine\bin\.cache\dev\editor\bundled\index.js:167415:12)
    at check (C:\CocosDashboard_1.2.5\resources\.editors\Creator\3.7.0\resources\resources\3d\engine\bin\.cache\dev\editor\bundled\index.js:208957:9)
    at Object.createPlaneShape (C:\CocosDashboard_1.2.5\resources\.editors\Creator\3.7.0\resources\resources\3d\engine\bin\.cache\dev\editor\bundled\index.js:209059:11)
    at createShape (C:\CocosDashboard_1.2.5\resources\.editors\Creator\3.7.0\resources\resources\3d\engine\bin\.cache\dev\editor\bundled\index.js:208987:39)
    at PlaneCollider.onLoad (C:\CocosDashboard_1.2.5\resources\.editors\Creator\3.7.0\resources\resources\3d\engine\bin\.cache\dev\editor\bundled\index.js:297426:25)
    at eval (C:\CocosDashboard_1.2.5\resources\.editors\Creator\3.7.0\resources\resources\3d\engine\bin\.cache\dev\editor\bundled\index.js:47533:16)
    at OneOffInvoker.eval [as _invoke] (C:\CocosDashboard_1.2.5\resources\.editors\Creator\3.7.0\resources\resources\3d\engine\bin\.cache\dev\editor\bundled\index.js:45546:9)
2023-03-12T14:15:39.601Z - error: [Window] Animation node(a11llmW1NKKbL5e/NWqPpr) doesn't exist
2023-03-12T14:16:20.544Z - error: certificate has expiredError: certificate has expired
    at TLSSocket.onConnectSecure (_tls_wrap.js:1497:34)
    at TLSSocket.emit (events.js:315:20)
    at TLSSocket.emit (domain.js:467:12)
    at TLSSocket._finishInit (_tls_wrap.js:932:8)
    at TLSWrap.onhandshakedone (_tls_wrap.js:706:12)
2023-03-12T14:16:33.715Z - error: certificate has expiredError: certificate has expired
    at TLSSocket.onConnectSecure (_tls_wrap.js:1497:34)
    at TLSSocket.emit (events.js:315:20)
    at TLSSocket.emit (domain.js:467:12)
    at TLSSocket._finishInit (_tls_wrap.js:932:8)
    at TLSWrap.onhandshakedone (_tls_wrap.js:706:12)
2023-03-12T14:16:33.784Z - error: certificate has expiredError: certificate has expired
    at TLSSocket.onConnectSecure (_tls_wrap.js:1497:34)
    at TLSSocket.emit (events.js:315:20)
    at TLSSocket.emit (domain.js:467:12)
    at TLSSocket._finishInit (_tls_wrap.js:932:8)
    at TLSWrap.onhandshakedone (_tls_wrap.js:706:12)
2023-03-12T14:16:36.268Z - warn: [Scene] builtin physics does not support PlaneColliderError: [Scene] builtin physics does not support PlaneCollider
    at warn (C:\CocosDashboard_1.2.5\resources\.editors\Creator\3.7.0\resources\resources\3d\engine\bin\.cache\dev\editor\bundled\index.js:167415:12)
    at check (C:\CocosDashboard_1.2.5\resources\.editors\Creator\3.7.0\resources\resources\3d\engine\bin\.cache\dev\editor\bundled\index.js:208957:9)
    at Object.createPlaneShape (C:\CocosDashboard_1.2.5\resources\.editors\Creator\3.7.0\resources\resources\3d\engine\bin\.cache\dev\editor\bundled\index.js:209059:11)
    at createShape (C:\CocosDashboard_1.2.5\resources\.editors\Creator\3.7.0\resources\resources\3d\engine\bin\.cache\dev\editor\bundled\index.js:208987:39)
    at PlaneCollider.onLoad (C:\CocosDashboard_1.2.5\resources\.editors\Creator\3.7.0\resources\resources\3d\engine\bin\.cache\dev\editor\bundled\index.js:297426:25)
    at eval (C:\CocosDashboard_1.2.5\resources\.editors\Creator\3.7.0\resources\resources\3d\engine\bin\.cache\dev\editor\bundled\index.js:47533:16)
    at OneOffInvoker.eval [as _invoke] (C:\CocosDashboard_1.2.5\resources\.editors\Creator\3.7.0\resources\resources\3d\engine\bin\.cache\dev\editor\bundled\index.js:45546:9)
2023-03-12T14:16:37.705Z - error: [Window] Animation node(69dGrrJ79KQJEYUJPK1Cku) doesn't exist
2023-03-12T14:21:33.787Z - error: certificate has expiredError: certificate has expired
    at TLSSocket.onConnectSecure (_tls_wrap.js:1497:34)
    at TLSSocket.emit (events.js:315:20)
    at TLSSocket.emit (domain.js:467:12)
    at TLSSocket._finishInit (_tls_wrap.js:932:8)
    at TLSWrap.onhandshakedone (_tls_wrap.js:706:12)
2023-03-12T14:21:33.802Z - error: certificate has expiredError: certificate has expired
    at TLSSocket.onConnectSecure (_tls_wrap.js:1497:34)
    at TLSSocket.emit (events.js:315:20)
    at TLSSocket.emit (domain.js:467:12)
    at TLSSocket._finishInit (_tls_wrap.js:932:8)
    at TLSWrap.onhandshakedone (_tls_wrap.js:706:12)
2023-03-12T14:22:34.918Z - warn: Metrics: no valid info
2023-03-12T14:22:35.117Z - error: certificate has expiredError: certificate has expired
    at TLSSocket.onConnectSecure (_tls_wrap.js:1497:34)
    at TLSSocket.emit (events.js:315:20)
    at TLSSocket.emit (domain.js:467:12)
    at TLSSocket._finishInit (_tls_wrap.js:932:8)
    at TLSWrap.onhandshakedone (_tls_wrap.js:706:12)
2023-03-12T14:22:35.128Z - error: certificate has expiredError: certificate has expired
    at TLSSocket.onConnectSecure (_tls_wrap.js:1497:34)
    at TLSSocket.emit (events.js:315:20)
    at TLSSocket.emit (domain.js:467:12)
    at TLSSocket._finishInit (_tls_wrap.js:932:8)
    at TLSWrap.onhandshakedone (_tls_wrap.js:706:12)
2023-03-12T14:22:35.130Z - error: certificate has expiredError: certificate has expired
    at TLSSocket.onConnectSecure (_tls_wrap.js:1497:34)
    at TLSSocket.emit (events.js:315:20)
    at TLSSocket.emit (domain.js:467:12)
    at TLSSocket._finishInit (_tls_wrap.js:932:8)
    at TLSWrap.onhandshakedone (_tls_wrap.js:706:12)
2023-03-12T14:22:35.153Z - error: certificate has expiredError: certificate has expired
    at TLSSocket.onConnectSecure (_tls_wrap.js:1497:34)
    at TLSSocket.emit (events.js:315:20)
    at TLSSocket.emit (domain.js:467:12)
    at TLSSocket._finishInit (_tls_wrap.js:932:8)
    at TLSWrap.onhandshakedone (_tls_wrap.js:706:12)
2023-03-12T14:22:35.180Z - error: certificate has expiredError: certificate has expired
    at TLSSocket.onConnectSecure (_tls_wrap.js:1497:34)
    at TLSSocket.emit (events.js:315:20)
    at TLSSocket.emit (domain.js:467:12)
    at TLSSocket._finishInit (_tls_wrap.js:932:8)
    at TLSWrap.onhandshakedone (_tls_wrap.js:706:12)
