debug: Sun, 12 Mar 2023 14:01:42 GMT
debug: Project: C:\Users\trung\Desktop\Subject\cong-cu-moi-truong-phat-trien-phan-mem\game_doi_khang_multiphayer_socket_cocos_creator_nodejs
debug: Targets: editor,preview
debug: Packer deriver version file lost or format incorrect: Error: ENOENT: no such file or directory, open 'C:\Users\trung\Desktop\Subject\cong-cu-moi-truong-phat-trien-phan-mem\game_doi_khang_multiphayer_socket_cocos_creator_nodejs\temp\programming\packer-driver\VERSION'
debug: Clearing out the targets...
debug: Engine path: C:\CocosDashboard_1.2.5\resources\.editors\Creator\3.7.0\resources\resources\3d\engine
debug: Initializing target [Editor]
debug: Loading cache
debug: Record file loaded failed with error: Error: ENOENT: no such file or directory, open 'C:\Users\trung\Desktop\Subject\cong-cu-moi-truong-phat-trien-phan-mem\game_doi_khang_multiphayer_socket_cocos_creator_nodejs\temp\programming\packer-driver\targets\editor\main-record.json'
debug: Loading cache costs 0.681600034236908ms.
debug: Engine features shipped in editor: base,gfx-webgl,gfx-webgl2,gfx-empty,3d,animation,skeletal-animation,2d,ui,particle,particle-2d,physics-framework,physics-2d-framework,intersection-2d,primitive,profiler,occlusion-query,geometry-renderer,debug-renderer,audio,video,xr,light-probe,terrain,webview,tween,tiled-map,spine,dragon-bones,marionette,custom-pipeline,websocket,websocket-server
debug: Our import map(foo:/bar): {
  "imports": {
    "cc": "cce:/internal/x/cc"
  }
}
debug: Initializing target [Preview]
debug: Loading cache
debug: Record file loaded failed with error: Error: ENOENT: no such file or directory, open 'C:\Users\trung\Desktop\Subject\cong-cu-moi-truong-phat-trien-phan-mem\game_doi_khang_multiphayer_socket_cocos_creator_nodejs\temp\programming\packer-driver\targets\preview\main-record.json'
debug: Loading cache costs 0.44050002098083496ms.
debug: Our import map(foo:/bar): {
  "imports": {
    "cc": "cce:/internal/x/cc"
  }
}
debug: Sync engine features: 2d,3d,animation,audio,base,dragon-bones,gfx-webgl,gfx-webgl2,intersection-2d,light-probe,marionette,particle,particle-2d,physics-2d-box2d,physics-ammo,primitive,profiler,skeletal-animation,spine,terrain,tiled-map,tween,ui,video,websocket,webview
debug: Reset databases. Enumerated domains: [
  {
    "root": "db://internal/",
    "physical": "C:\\CocosDashboard_1.2.5\\resources\\.editors\\Creator\\3.7.0\\resources\\resources\\3d\\engine\\editor\\assets"
  },
  {
    "root": "db://assets/",
    "physical": "C:\\Users\\trung\\Desktop\\Subject\\cong-cu-moi-truong-phat-trien-phan-mem\\game_doi_khang_multiphayer_socket_cocos_creator_nodejs\\assets"
  }
]
debug: Our import map(foo:/bar): {
  "imports": {
    "cc": "cce:/internal/x/cc",
    "db://internal/": "file:///C:/CocosDashboard_1.2.5/resources/.editors/Creator/3.7.0/resources/resources/3d/engine/editor/assets/",
    "db://assets/": "file:///C:/Users/trung/Desktop/Subject/cong-cu-moi-truong-phat-trien-phan-mem/game_doi_khang_multiphayer_socket_cocos_creator_nodejs/assets/"
  }
}
debug: Our import map(foo:/bar): {
  "imports": {
    "cc": "cce:/internal/x/cc",
    "db://internal/": "file:///C:/CocosDashboard_1.2.5/resources/.editors/Creator/3.7.0/resources/resources/3d/engine/editor/assets/",
    "db://assets/": "file:///C:/Users/trung/Desktop/Subject/cong-cu-moi-truong-phat-trien-phan-mem/game_doi_khang_multiphayer_socket_cocos_creator_nodejs/assets/"
  }
}
debug: Pulling asset-db.
debug: Fetch asset-db cost: 511.6104999780655ms.
debug: Build iteration starts.
Number of accumulated asset changes: 8
Feature changed: false
debug: Target(editor) build started.
debug: Inspect cce:/internal/x/cc
debug: Resolve cce:/internal/x/cc-fu/base from cce:/internal/x/cc as external dependency cce:/internal/x/cc-fu/base.
debug: Resolve cce:/internal/x/cc-fu/gfx-webgl from cce:/internal/x/cc as external dependency cce:/internal/x/cc-fu/gfx-webgl.
debug: Resolve cce:/internal/x/cc-fu/gfx-webgl2 from cce:/internal/x/cc as external dependency cce:/internal/x/cc-fu/gfx-webgl2.
debug: Resolve cce:/internal/x/cc-fu/gfx-empty from cce:/internal/x/cc as external dependency cce:/internal/x/cc-fu/gfx-empty.
debug: Resolve cce:/internal/x/cc-fu/3d from cce:/internal/x/cc as external dependency cce:/internal/x/cc-fu/3d.
debug: Resolve cce:/internal/x/cc-fu/animation from cce:/internal/x/cc as external dependency cce:/internal/x/cc-fu/animation.
debug: Resolve cce:/internal/x/cc-fu/skeletal-animation from cce:/internal/x/cc as external dependency cce:/internal/x/cc-fu/skeletal-animation.
debug: Resolve cce:/internal/x/cc-fu/2d from cce:/internal/x/cc as external dependency cce:/internal/x/cc-fu/2d.
debug: Resolve cce:/internal/x/cc-fu/sorting from cce:/internal/x/cc as external dependency cce:/internal/x/cc-fu/sorting.
debug: Resolve cce:/internal/x/cc-fu/ui from cce:/internal/x/cc as external dependency cce:/internal/x/cc-fu/ui.
debug: Resolve cce:/internal/x/cc-fu/particle from cce:/internal/x/cc as external dependency cce:/internal/x/cc-fu/particle.
debug: Resolve cce:/internal/x/cc-fu/particle-2d from cce:/internal/x/cc as external dependency cce:/internal/x/cc-fu/particle-2d.
debug: Resolve cce:/internal/x/cc-fu/physics-framework from cce:/internal/x/cc as external dependency cce:/internal/x/cc-fu/physics-framework.
debug: Resolve cce:/internal/x/cc-fu/physics-2d-framework from cce:/internal/x/cc as external dependency cce:/internal/x/cc-fu/physics-2d-framework.
debug: Resolve cce:/internal/x/cc-fu/intersection-2d from cce:/internal/x/cc as external dependency cce:/internal/x/cc-fu/intersection-2d.
debug: Resolve cce:/internal/x/cc-fu/primitive from cce:/internal/x/cc as external dependency cce:/internal/x/cc-fu/primitive.
debug: Resolve cce:/internal/x/cc-fu/profiler from cce:/internal/x/cc as external dependency cce:/internal/x/cc-fu/profiler.
debug: Resolve cce:/internal/x/cc-fu/geometry-renderer from cce:/internal/x/cc as external dependency cce:/internal/x/cc-fu/geometry-renderer.
debug: Resolve cce:/internal/x/cc-fu/audio from cce:/internal/x/cc as external dependency cce:/internal/x/cc-fu/audio.
debug: Resolve cce:/internal/x/cc-fu/video from cce:/internal/x/cc as external dependency cce:/internal/x/cc-fu/video.
debug: Resolve cce:/internal/x/cc-fu/xr from cce:/internal/x/cc as external dependency cce:/internal/x/cc-fu/xr.
debug: Resolve cce:/internal/x/cc-fu/light-probe from cce:/internal/x/cc as external dependency cce:/internal/x/cc-fu/light-probe.
debug: Resolve cce:/internal/x/cc-fu/terrain from cce:/internal/x/cc as external dependency cce:/internal/x/cc-fu/terrain.
debug: Resolve cce:/internal/x/cc-fu/webview from cce:/internal/x/cc as external dependency cce:/internal/x/cc-fu/webview.
debug: Resolve cce:/internal/x/cc-fu/tween from cce:/internal/x/cc as external dependency cce:/internal/x/cc-fu/tween.
debug: Resolve cce:/internal/x/cc-fu/tiled-map from cce:/internal/x/cc as external dependency cce:/internal/x/cc-fu/tiled-map.
debug: Resolve cce:/internal/x/cc-fu/spine from cce:/internal/x/cc as external dependency cce:/internal/x/cc-fu/spine.
debug: Resolve cce:/internal/x/cc-fu/dragon-bones from cce:/internal/x/cc as external dependency cce:/internal/x/cc-fu/dragon-bones.
debug: Resolve cce:/internal/x/cc-fu/custom-pipeline from cce:/internal/x/cc as external dependency cce:/internal/x/cc-fu/custom-pipeline.
debug: Inspect cce:/internal/x/prerequisite-imports
debug: Resolve file:///C:/Users/trung/Desktop/Subject/cong-cu-moi-truong-phat-trien-phan-mem/game_doi_khang_multiphayer_socket_cocos_creator_nodejs/assets/DepthMapSetter.ts from cce:/internal/x/prerequisite-imports as file:///C:/Users/trung/Desktop/Subject/cong-cu-moi-truong-phat-trien-phan-mem/game_doi_khang_multiphayer_socket_cocos_creator_nodejs/assets/DepthMapSetter.ts.
debug: Inspect file:///C:/Users/trung/Desktop/Subject/cong-cu-moi-truong-phat-trien-phan-mem/game_doi_khang_multiphayer_socket_cocos_creator_nodejs/assets/DepthMapSetter.ts
debug: Resolve cc from file:///C:/Users/trung/Desktop/Subject/cong-cu-moi-truong-phat-trien-phan-mem/game_doi_khang_multiphayer_socket_cocos_creator_nodejs/assets/DepthMapSetter.ts as cce:/internal/x/cc.
debug: Resolve cc from file:///C:/Users/trung/Desktop/Subject/cong-cu-moi-truong-phat-trien-phan-mem/game_doi_khang_multiphayer_socket_cocos_creator_nodejs/assets/DepthMapSetter.ts as cce:/internal/x/cc.
debug: Resolve cc from file:///C:/Users/trung/Desktop/Subject/cong-cu-moi-truong-phat-trien-phan-mem/game_doi_khang_multiphayer_socket_cocos_creator_nodejs/assets/DepthMapSetter.ts as cce:/internal/x/cc.
debug: Resolve file:///C:/Users/trung/Desktop/Subject/cong-cu-moi-truong-phat-trien-phan-mem/game_doi_khang_multiphayer_socket_cocos_creator_nodejs/assets/FullScreenCtrl.ts from cce:/internal/x/prerequisite-imports as file:///C:/Users/trung/Desktop/Subject/cong-cu-moi-truong-phat-trien-phan-mem/game_doi_khang_multiphayer_socket_cocos_creator_nodejs/assets/FullScreenCtrl.ts.
debug: Inspect file:///C:/Users/trung/Desktop/Subject/cong-cu-moi-truong-phat-trien-phan-mem/game_doi_khang_multiphayer_socket_cocos_creator_nodejs/assets/FullScreenCtrl.ts
debug: Resolve cc from file:///C:/Users/trung/Desktop/Subject/cong-cu-moi-truong-phat-trien-phan-mem/game_doi_khang_multiphayer_socket_cocos_creator_nodejs/assets/FullScreenCtrl.ts as cce:/internal/x/cc.
debug: Resolve cc from file:///C:/Users/trung/Desktop/Subject/cong-cu-moi-truong-phat-trien-phan-mem/game_doi_khang_multiphayer_socket_cocos_creator_nodejs/assets/FullScreenCtrl.ts as cce:/internal/x/cc.
debug: Resolve cc from file:///C:/Users/trung/Desktop/Subject/cong-cu-moi-truong-phat-trien-phan-mem/game_doi_khang_multiphayer_socket_cocos_creator_nodejs/assets/FullScreenCtrl.ts as cce:/internal/x/cc.
debug: Resolve file:///C:/Users/trung/Desktop/Subject/cong-cu-moi-truong-phat-trien-phan-mem/game_doi_khang_multiphayer_socket_cocos_creator_nodejs/assets/KylinsEasyController/CharacterController.ts from cce:/internal/x/prerequisite-imports as file:///C:/Users/trung/Desktop/Subject/cong-cu-moi-truong-phat-trien-phan-mem/game_doi_khang_multiphayer_socket_cocos_creator_nodejs/assets/KylinsEasyController/CharacterController.ts.
debug: Inspect file:///C:/Users/trung/Desktop/Subject/cong-cu-moi-truong-phat-trien-phan-mem/game_doi_khang_multiphayer_socket_cocos_creator_nodejs/assets/KylinsEasyController/CharacterController.ts
debug: Resolve cce:/internal/code-quality/cr.mjs from file:///C:/Users/trung/Desktop/Subject/cong-cu-moi-truong-phat-trien-phan-mem/game_doi_khang_multiphayer_socket_cocos_creator_nodejs/assets/KylinsEasyController/CharacterController.ts as cce:/internal/code-quality/cr.mjs.
debug: Inspect cce:/internal/code-quality/cr.mjs
debug: Resolve cc from file:///C:/Users/trung/Desktop/Subject/cong-cu-moi-truong-phat-trien-phan-mem/game_doi_khang_multiphayer_socket_cocos_creator_nodejs/assets/KylinsEasyController/CharacterController.ts as cce:/internal/x/cc.
debug: Resolve cc from file:///C:/Users/trung/Desktop/Subject/cong-cu-moi-truong-phat-trien-phan-mem/game_doi_khang_multiphayer_socket_cocos_creator_nodejs/assets/KylinsEasyController/CharacterController.ts as cce:/internal/x/cc.
debug: Resolve cc from file:///C:/Users/trung/Desktop/Subject/cong-cu-moi-truong-phat-trien-phan-mem/game_doi_khang_multiphayer_socket_cocos_creator_nodejs/assets/KylinsEasyController/CharacterController.ts as cce:/internal/x/cc.
debug: Resolve ./EasyController from file:///C:/Users/trung/Desktop/Subject/cong-cu-moi-truong-phat-trien-phan-mem/game_doi_khang_multiphayer_socket_cocos_creator_nodejs/assets/KylinsEasyController/CharacterController.ts as file:///C:/Users/trung/Desktop/Subject/cong-cu-moi-truong-phat-trien-phan-mem/game_doi_khang_multiphayer_socket_cocos_creator_nodejs/assets/KylinsEasyController/EasyController.ts.
debug: Inspect file:///C:/Users/trung/Desktop/Subject/cong-cu-moi-truong-phat-trien-phan-mem/game_doi_khang_multiphayer_socket_cocos_creator_nodejs/assets/KylinsEasyController/EasyController.ts
debug: Resolve cc from file:///C:/Users/trung/Desktop/Subject/cong-cu-moi-truong-phat-trien-phan-mem/game_doi_khang_multiphayer_socket_cocos_creator_nodejs/assets/KylinsEasyController/EasyController.ts as cce:/internal/x/cc.
debug: Resolve cc from file:///C:/Users/trung/Desktop/Subject/cong-cu-moi-truong-phat-trien-phan-mem/game_doi_khang_multiphayer_socket_cocos_creator_nodejs/assets/KylinsEasyController/EasyController.ts as cce:/internal/x/cc.
debug: Resolve cc from file:///C:/Users/trung/Desktop/Subject/cong-cu-moi-truong-phat-trien-phan-mem/game_doi_khang_multiphayer_socket_cocos_creator_nodejs/assets/KylinsEasyController/EasyController.ts as cce:/internal/x/cc.
debug: Resolve file:///C:/Users/trung/Desktop/Subject/cong-cu-moi-truong-phat-trien-phan-mem/game_doi_khang_multiphayer_socket_cocos_creator_nodejs/assets/KylinsEasyController/EasyController.ts from cce:/internal/x/prerequisite-imports as file:///C:/Users/trung/Desktop/Subject/cong-cu-moi-truong-phat-trien-phan-mem/game_doi_khang_multiphayer_socket_cocos_creator_nodejs/assets/KylinsEasyController/EasyController.ts.
debug: Resolve file:///C:/Users/trung/Desktop/Subject/cong-cu-moi-truong-phat-trien-phan-mem/game_doi_khang_multiphayer_socket_cocos_creator_nodejs/assets/KylinsEasyController/FPSCamera.ts from cce:/internal/x/prerequisite-imports as file:///C:/Users/trung/Desktop/Subject/cong-cu-moi-truong-phat-trien-phan-mem/game_doi_khang_multiphayer_socket_cocos_creator_nodejs/assets/KylinsEasyController/FPSCamera.ts.
debug: Inspect file:///C:/Users/trung/Desktop/Subject/cong-cu-moi-truong-phat-trien-phan-mem/game_doi_khang_multiphayer_socket_cocos_creator_nodejs/assets/KylinsEasyController/FPSCamera.ts
debug: Resolve cc from file:///C:/Users/trung/Desktop/Subject/cong-cu-moi-truong-phat-trien-phan-mem/game_doi_khang_multiphayer_socket_cocos_creator_nodejs/assets/KylinsEasyController/FPSCamera.ts as cce:/internal/x/cc.
debug: Resolve cc from file:///C:/Users/trung/Desktop/Subject/cong-cu-moi-truong-phat-trien-phan-mem/game_doi_khang_multiphayer_socket_cocos_creator_nodejs/assets/KylinsEasyController/FPSCamera.ts as cce:/internal/x/cc.
debug: Resolve cc from file:///C:/Users/trung/Desktop/Subject/cong-cu-moi-truong-phat-trien-phan-mem/game_doi_khang_multiphayer_socket_cocos_creator_nodejs/assets/KylinsEasyController/FPSCamera.ts as cce:/internal/x/cc.
debug: Resolve file:///C:/Users/trung/Desktop/Subject/cong-cu-moi-truong-phat-trien-phan-mem/game_doi_khang_multiphayer_socket_cocos_creator_nodejs/assets/KylinsEasyController/FreeCamera.ts from cce:/internal/x/prerequisite-imports as file:///C:/Users/trung/Desktop/Subject/cong-cu-moi-truong-phat-trien-phan-mem/game_doi_khang_multiphayer_socket_cocos_creator_nodejs/assets/KylinsEasyController/FreeCamera.ts.
debug: Inspect file:///C:/Users/trung/Desktop/Subject/cong-cu-moi-truong-phat-trien-phan-mem/game_doi_khang_multiphayer_socket_cocos_creator_nodejs/assets/KylinsEasyController/FreeCamera.ts
debug: Resolve cc from file:///C:/Users/trung/Desktop/Subject/cong-cu-moi-truong-phat-trien-phan-mem/game_doi_khang_multiphayer_socket_cocos_creator_nodejs/assets/KylinsEasyController/FreeCamera.ts as cce:/internal/x/cc.
debug: Resolve cc from file:///C:/Users/trung/Desktop/Subject/cong-cu-moi-truong-phat-trien-phan-mem/game_doi_khang_multiphayer_socket_cocos_creator_nodejs/assets/KylinsEasyController/FreeCamera.ts as cce:/internal/x/cc.
debug: Resolve cc from file:///C:/Users/trung/Desktop/Subject/cong-cu-moi-truong-phat-trien-phan-mem/game_doi_khang_multiphayer_socket_cocos_creator_nodejs/assets/KylinsEasyController/FreeCamera.ts as cce:/internal/x/cc.
debug: Resolve file:///C:/Users/trung/Desktop/Subject/cong-cu-moi-truong-phat-trien-phan-mem/game_doi_khang_multiphayer_socket_cocos_creator_nodejs/assets/KylinsEasyController/ThirdPersonCamera.ts from cce:/internal/x/prerequisite-imports as file:///C:/Users/trung/Desktop/Subject/cong-cu-moi-truong-phat-trien-phan-mem/game_doi_khang_multiphayer_socket_cocos_creator_nodejs/assets/KylinsEasyController/ThirdPersonCamera.ts.
debug: Inspect file:///C:/Users/trung/Desktop/Subject/cong-cu-moi-truong-phat-trien-phan-mem/game_doi_khang_multiphayer_socket_cocos_creator_nodejs/assets/KylinsEasyController/ThirdPersonCamera.ts
debug: Resolve cce:/internal/code-quality/cr.mjs from file:///C:/Users/trung/Desktop/Subject/cong-cu-moi-truong-phat-trien-phan-mem/game_doi_khang_multiphayer_socket_cocos_creator_nodejs/assets/KylinsEasyController/ThirdPersonCamera.ts as cce:/internal/code-quality/cr.mjs.
debug: Resolve cc from file:///C:/Users/trung/Desktop/Subject/cong-cu-moi-truong-phat-trien-phan-mem/game_doi_khang_multiphayer_socket_cocos_creator_nodejs/assets/KylinsEasyController/ThirdPersonCamera.ts as cce:/internal/x/cc.
debug: Resolve cc from file:///C:/Users/trung/Desktop/Subject/cong-cu-moi-truong-phat-trien-phan-mem/game_doi_khang_multiphayer_socket_cocos_creator_nodejs/assets/KylinsEasyController/ThirdPersonCamera.ts as cce:/internal/x/cc.
debug: Resolve cc from file:///C:/Users/trung/Desktop/Subject/cong-cu-moi-truong-phat-trien-phan-mem/game_doi_khang_multiphayer_socket_cocos_creator_nodejs/assets/KylinsEasyController/ThirdPersonCamera.ts as cce:/internal/x/cc.
debug: Resolve ./EasyController from file:///C:/Users/trung/Desktop/Subject/cong-cu-moi-truong-phat-trien-phan-mem/game_doi_khang_multiphayer_socket_cocos_creator_nodejs/assets/KylinsEasyController/ThirdPersonCamera.ts as file:///C:/Users/trung/Desktop/Subject/cong-cu-moi-truong-phat-trien-phan-mem/game_doi_khang_multiphayer_socket_cocos_creator_nodejs/assets/KylinsEasyController/EasyController.ts.
debug: Resolve file:///C:/Users/trung/Desktop/Subject/cong-cu-moi-truong-phat-trien-phan-mem/game_doi_khang_multiphayer_socket_cocos_creator_nodejs/assets/KylinsEasyController/UI_Joystick.ts from cce:/internal/x/prerequisite-imports as file:///C:/Users/trung/Desktop/Subject/cong-cu-moi-truong-phat-trien-phan-mem/game_doi_khang_multiphayer_socket_cocos_creator_nodejs/assets/KylinsEasyController/UI_Joystick.ts.
debug: Inspect file:///C:/Users/trung/Desktop/Subject/cong-cu-moi-truong-phat-trien-phan-mem/game_doi_khang_multiphayer_socket_cocos_creator_nodejs/assets/KylinsEasyController/UI_Joystick.ts
debug: Resolve cce:/internal/code-quality/cr.mjs from file:///C:/Users/trung/Desktop/Subject/cong-cu-moi-truong-phat-trien-phan-mem/game_doi_khang_multiphayer_socket_cocos_creator_nodejs/assets/KylinsEasyController/UI_Joystick.ts as cce:/internal/code-quality/cr.mjs.
debug: Resolve cc from file:///C:/Users/trung/Desktop/Subject/cong-cu-moi-truong-phat-trien-phan-mem/game_doi_khang_multiphayer_socket_cocos_creator_nodejs/assets/KylinsEasyController/UI_Joystick.ts as cce:/internal/x/cc.
debug: Resolve cc from file:///C:/Users/trung/Desktop/Subject/cong-cu-moi-truong-phat-trien-phan-mem/game_doi_khang_multiphayer_socket_cocos_creator_nodejs/assets/KylinsEasyController/UI_Joystick.ts as cce:/internal/x/cc.
debug: Resolve cc from file:///C:/Users/trung/Desktop/Subject/cong-cu-moi-truong-phat-trien-phan-mem/game_doi_khang_multiphayer_socket_cocos_creator_nodejs/assets/KylinsEasyController/UI_Joystick.ts as cce:/internal/x/cc.
debug: Resolve ./EasyController from file:///C:/Users/trung/Desktop/Subject/cong-cu-moi-truong-phat-trien-phan-mem/game_doi_khang_multiphayer_socket_cocos_creator_nodejs/assets/KylinsEasyController/UI_Joystick.ts as file:///C:/Users/trung/Desktop/Subject/cong-cu-moi-truong-phat-trien-phan-mem/game_doi_khang_multiphayer_socket_cocos_creator_nodejs/assets/KylinsEasyController/EasyController.ts.
debug: Target(editor) ends with cost 2174.862900018692ms.
debug: Target(preview) build started.
debug: Inspect cce:/internal/x/cc
debug: Resolve cce:/internal/x/cc-fu/2d from cce:/internal/x/cc as external dependency cce:/internal/x/cc-fu/2d.
debug: Resolve cce:/internal/x/cc-fu/sorting from cce:/internal/x/cc as external dependency cce:/internal/x/cc-fu/sorting.
debug: Resolve cce:/internal/x/cc-fu/3d from cce:/internal/x/cc as external dependency cce:/internal/x/cc-fu/3d.
debug: Resolve cce:/internal/x/cc-fu/animation from cce:/internal/x/cc as external dependency cce:/internal/x/cc-fu/animation.
debug: Resolve cce:/internal/x/cc-fu/audio from cce:/internal/x/cc as external dependency cce:/internal/x/cc-fu/audio.
debug: Resolve cce:/internal/x/cc-fu/base from cce:/internal/x/cc as external dependency cce:/internal/x/cc-fu/base.
debug: Resolve cce:/internal/x/cc-fu/dragon-bones from cce:/internal/x/cc as external dependency cce:/internal/x/cc-fu/dragon-bones.
debug: Resolve cce:/internal/x/cc-fu/gfx-webgl from cce:/internal/x/cc as external dependency cce:/internal/x/cc-fu/gfx-webgl.
debug: Resolve cce:/internal/x/cc-fu/gfx-webgl2 from cce:/internal/x/cc as external dependency cce:/internal/x/cc-fu/gfx-webgl2.
debug: Resolve cce:/internal/x/cc-fu/intersection-2d from cce:/internal/x/cc as external dependency cce:/internal/x/cc-fu/intersection-2d.
debug: Resolve cce:/internal/x/cc-fu/light-probe from cce:/internal/x/cc as external dependency cce:/internal/x/cc-fu/light-probe.
debug: Resolve cce:/internal/x/cc-fu/particle from cce:/internal/x/cc as external dependency cce:/internal/x/cc-fu/particle.
debug: Resolve cce:/internal/x/cc-fu/particle-2d from cce:/internal/x/cc as external dependency cce:/internal/x/cc-fu/particle-2d.
debug: Resolve cce:/internal/x/cc-fu/physics-2d-box2d from cce:/internal/x/cc as external dependency cce:/internal/x/cc-fu/physics-2d-box2d.
debug: Resolve cce:/internal/x/cc-fu/physics-2d-framework from cce:/internal/x/cc as external dependency cce:/internal/x/cc-fu/physics-2d-framework.
debug: Resolve cce:/internal/x/cc-fu/physics-ammo from cce:/internal/x/cc as external dependency cce:/internal/x/cc-fu/physics-ammo.
debug: Resolve cce:/internal/x/cc-fu/physics-framework from cce:/internal/x/cc as external dependency cce:/internal/x/cc-fu/physics-framework.
debug: Resolve cce:/internal/x/cc-fu/wait-for-ammo-instantiation from cce:/internal/x/cc as external dependency cce:/internal/x/cc-fu/wait-for-ammo-instantiation.
debug: Resolve cce:/internal/x/cc-fu/primitive from cce:/internal/x/cc as external dependency cce:/internal/x/cc-fu/primitive.
debug: Resolve cce:/internal/x/cc-fu/profiler from cce:/internal/x/cc as external dependency cce:/internal/x/cc-fu/profiler.
debug: Resolve cce:/internal/x/cc-fu/skeletal-animation from cce:/internal/x/cc as external dependency cce:/internal/x/cc-fu/skeletal-animation.
debug: Resolve cce:/internal/x/cc-fu/spine from cce:/internal/x/cc as external dependency cce:/internal/x/cc-fu/spine.
debug: Resolve cce:/internal/x/cc-fu/terrain from cce:/internal/x/cc as external dependency cce:/internal/x/cc-fu/terrain.
debug: Resolve cce:/internal/x/cc-fu/tiled-map from cce:/internal/x/cc as external dependency cce:/internal/x/cc-fu/tiled-map.
debug: Resolve cce:/internal/x/cc-fu/tween from cce:/internal/x/cc as external dependency cce:/internal/x/cc-fu/tween.
debug: Resolve cce:/internal/x/cc-fu/ui from cce:/internal/x/cc as external dependency cce:/internal/x/cc-fu/ui.
debug: Resolve cce:/internal/x/cc-fu/video from cce:/internal/x/cc as external dependency cce:/internal/x/cc-fu/video.
debug: Resolve cce:/internal/x/cc-fu/webview from cce:/internal/x/cc as external dependency cce:/internal/x/cc-fu/webview.
debug: Inspect cce:/internal/x/prerequisite-imports
debug: Resolve file:///C:/Users/trung/Desktop/Subject/cong-cu-moi-truong-phat-trien-phan-mem/game_doi_khang_multiphayer_socket_cocos_creator_nodejs/assets/DepthMapSetter.ts from cce:/internal/x/prerequisite-imports as file:///C:/Users/trung/Desktop/Subject/cong-cu-moi-truong-phat-trien-phan-mem/game_doi_khang_multiphayer_socket_cocos_creator_nodejs/assets/DepthMapSetter.ts.
debug: Inspect file:///C:/Users/trung/Desktop/Subject/cong-cu-moi-truong-phat-trien-phan-mem/game_doi_khang_multiphayer_socket_cocos_creator_nodejs/assets/DepthMapSetter.ts
debug: Resolve cc from file:///C:/Users/trung/Desktop/Subject/cong-cu-moi-truong-phat-trien-phan-mem/game_doi_khang_multiphayer_socket_cocos_creator_nodejs/assets/DepthMapSetter.ts as cce:/internal/x/cc.
debug: Resolve cc from file:///C:/Users/trung/Desktop/Subject/cong-cu-moi-truong-phat-trien-phan-mem/game_doi_khang_multiphayer_socket_cocos_creator_nodejs/assets/DepthMapSetter.ts as cce:/internal/x/cc.
debug: Resolve cc from file:///C:/Users/trung/Desktop/Subject/cong-cu-moi-truong-phat-trien-phan-mem/game_doi_khang_multiphayer_socket_cocos_creator_nodejs/assets/DepthMapSetter.ts as cce:/internal/x/cc.
debug: Resolve file:///C:/Users/trung/Desktop/Subject/cong-cu-moi-truong-phat-trien-phan-mem/game_doi_khang_multiphayer_socket_cocos_creator_nodejs/assets/FullScreenCtrl.ts from cce:/internal/x/prerequisite-imports as file:///C:/Users/trung/Desktop/Subject/cong-cu-moi-truong-phat-trien-phan-mem/game_doi_khang_multiphayer_socket_cocos_creator_nodejs/assets/FullScreenCtrl.ts.
debug: Inspect file:///C:/Users/trung/Desktop/Subject/cong-cu-moi-truong-phat-trien-phan-mem/game_doi_khang_multiphayer_socket_cocos_creator_nodejs/assets/FullScreenCtrl.ts
debug: Resolve cc from file:///C:/Users/trung/Desktop/Subject/cong-cu-moi-truong-phat-trien-phan-mem/game_doi_khang_multiphayer_socket_cocos_creator_nodejs/assets/FullScreenCtrl.ts as cce:/internal/x/cc.
debug: Resolve cc from file:///C:/Users/trung/Desktop/Subject/cong-cu-moi-truong-phat-trien-phan-mem/game_doi_khang_multiphayer_socket_cocos_creator_nodejs/assets/FullScreenCtrl.ts as cce:/internal/x/cc.
debug: Resolve cc from file:///C:/Users/trung/Desktop/Subject/cong-cu-moi-truong-phat-trien-phan-mem/game_doi_khang_multiphayer_socket_cocos_creator_nodejs/assets/FullScreenCtrl.ts as cce:/internal/x/cc.
debug: Resolve file:///C:/Users/trung/Desktop/Subject/cong-cu-moi-truong-phat-trien-phan-mem/game_doi_khang_multiphayer_socket_cocos_creator_nodejs/assets/KylinsEasyController/CharacterController.ts from cce:/internal/x/prerequisite-imports as file:///C:/Users/trung/Desktop/Subject/cong-cu-moi-truong-phat-trien-phan-mem/game_doi_khang_multiphayer_socket_cocos_creator_nodejs/assets/KylinsEasyController/CharacterController.ts.
debug: Inspect file:///C:/Users/trung/Desktop/Subject/cong-cu-moi-truong-phat-trien-phan-mem/game_doi_khang_multiphayer_socket_cocos_creator_nodejs/assets/KylinsEasyController/CharacterController.ts
debug: Resolve cce:/internal/code-quality/cr.mjs from file:///C:/Users/trung/Desktop/Subject/cong-cu-moi-truong-phat-trien-phan-mem/game_doi_khang_multiphayer_socket_cocos_creator_nodejs/assets/KylinsEasyController/CharacterController.ts as cce:/internal/code-quality/cr.mjs.
debug: Inspect cce:/internal/code-quality/cr.mjs
debug: Resolve cc from file:///C:/Users/trung/Desktop/Subject/cong-cu-moi-truong-phat-trien-phan-mem/game_doi_khang_multiphayer_socket_cocos_creator_nodejs/assets/KylinsEasyController/CharacterController.ts as cce:/internal/x/cc.
debug: Resolve cc from file:///C:/Users/trung/Desktop/Subject/cong-cu-moi-truong-phat-trien-phan-mem/game_doi_khang_multiphayer_socket_cocos_creator_nodejs/assets/KylinsEasyController/CharacterController.ts as cce:/internal/x/cc.
debug: Resolve cc from file:///C:/Users/trung/Desktop/Subject/cong-cu-moi-truong-phat-trien-phan-mem/game_doi_khang_multiphayer_socket_cocos_creator_nodejs/assets/KylinsEasyController/CharacterController.ts as cce:/internal/x/cc.
debug: Resolve ./EasyController from file:///C:/Users/trung/Desktop/Subject/cong-cu-moi-truong-phat-trien-phan-mem/game_doi_khang_multiphayer_socket_cocos_creator_nodejs/assets/KylinsEasyController/CharacterController.ts as file:///C:/Users/trung/Desktop/Subject/cong-cu-moi-truong-phat-trien-phan-mem/game_doi_khang_multiphayer_socket_cocos_creator_nodejs/assets/KylinsEasyController/EasyController.ts.
debug: Inspect file:///C:/Users/trung/Desktop/Subject/cong-cu-moi-truong-phat-trien-phan-mem/game_doi_khang_multiphayer_socket_cocos_creator_nodejs/assets/KylinsEasyController/EasyController.ts
debug: Resolve cc from file:///C:/Users/trung/Desktop/Subject/cong-cu-moi-truong-phat-trien-phan-mem/game_doi_khang_multiphayer_socket_cocos_creator_nodejs/assets/KylinsEasyController/EasyController.ts as cce:/internal/x/cc.
debug: Resolve cc from file:///C:/Users/trung/Desktop/Subject/cong-cu-moi-truong-phat-trien-phan-mem/game_doi_khang_multiphayer_socket_cocos_creator_nodejs/assets/KylinsEasyController/EasyController.ts as cce:/internal/x/cc.
debug: Resolve cc from file:///C:/Users/trung/Desktop/Subject/cong-cu-moi-truong-phat-trien-phan-mem/game_doi_khang_multiphayer_socket_cocos_creator_nodejs/assets/KylinsEasyController/EasyController.ts as cce:/internal/x/cc.
debug: Resolve file:///C:/Users/trung/Desktop/Subject/cong-cu-moi-truong-phat-trien-phan-mem/game_doi_khang_multiphayer_socket_cocos_creator_nodejs/assets/KylinsEasyController/EasyController.ts from cce:/internal/x/prerequisite-imports as file:///C:/Users/trung/Desktop/Subject/cong-cu-moi-truong-phat-trien-phan-mem/game_doi_khang_multiphayer_socket_cocos_creator_nodejs/assets/KylinsEasyController/EasyController.ts.
debug: Resolve file:///C:/Users/trung/Desktop/Subject/cong-cu-moi-truong-phat-trien-phan-mem/game_doi_khang_multiphayer_socket_cocos_creator_nodejs/assets/KylinsEasyController/FPSCamera.ts from cce:/internal/x/prerequisite-imports as file:///C:/Users/trung/Desktop/Subject/cong-cu-moi-truong-phat-trien-phan-mem/game_doi_khang_multiphayer_socket_cocos_creator_nodejs/assets/KylinsEasyController/FPSCamera.ts.
debug: Inspect file:///C:/Users/trung/Desktop/Subject/cong-cu-moi-truong-phat-trien-phan-mem/game_doi_khang_multiphayer_socket_cocos_creator_nodejs/assets/KylinsEasyController/FPSCamera.ts
debug: Resolve cc from file:///C:/Users/trung/Desktop/Subject/cong-cu-moi-truong-phat-trien-phan-mem/game_doi_khang_multiphayer_socket_cocos_creator_nodejs/assets/KylinsEasyController/FPSCamera.ts as cce:/internal/x/cc.
debug: Resolve cc from file:///C:/Users/trung/Desktop/Subject/cong-cu-moi-truong-phat-trien-phan-mem/game_doi_khang_multiphayer_socket_cocos_creator_nodejs/assets/KylinsEasyController/FPSCamera.ts as cce:/internal/x/cc.
debug: Resolve cc from file:///C:/Users/trung/Desktop/Subject/cong-cu-moi-truong-phat-trien-phan-mem/game_doi_khang_multiphayer_socket_cocos_creator_nodejs/assets/KylinsEasyController/FPSCamera.ts as cce:/internal/x/cc.
debug: Resolve file:///C:/Users/trung/Desktop/Subject/cong-cu-moi-truong-phat-trien-phan-mem/game_doi_khang_multiphayer_socket_cocos_creator_nodejs/assets/KylinsEasyController/FreeCamera.ts from cce:/internal/x/prerequisite-imports as file:///C:/Users/trung/Desktop/Subject/cong-cu-moi-truong-phat-trien-phan-mem/game_doi_khang_multiphayer_socket_cocos_creator_nodejs/assets/KylinsEasyController/FreeCamera.ts.
debug: Inspect file:///C:/Users/trung/Desktop/Subject/cong-cu-moi-truong-phat-trien-phan-mem/game_doi_khang_multiphayer_socket_cocos_creator_nodejs/assets/KylinsEasyController/FreeCamera.ts
debug: Resolve cc from file:///C:/Users/trung/Desktop/Subject/cong-cu-moi-truong-phat-trien-phan-mem/game_doi_khang_multiphayer_socket_cocos_creator_nodejs/assets/KylinsEasyController/FreeCamera.ts as cce:/internal/x/cc.
debug: Resolve cc from file:///C:/Users/trung/Desktop/Subject/cong-cu-moi-truong-phat-trien-phan-mem/game_doi_khang_multiphayer_socket_cocos_creator_nodejs/assets/KylinsEasyController/FreeCamera.ts as cce:/internal/x/cc.
debug: Resolve cc from file:///C:/Users/trung/Desktop/Subject/cong-cu-moi-truong-phat-trien-phan-mem/game_doi_khang_multiphayer_socket_cocos_creator_nodejs/assets/KylinsEasyController/FreeCamera.ts as cce:/internal/x/cc.
debug: Resolve file:///C:/Users/trung/Desktop/Subject/cong-cu-moi-truong-phat-trien-phan-mem/game_doi_khang_multiphayer_socket_cocos_creator_nodejs/assets/KylinsEasyController/ThirdPersonCamera.ts from cce:/internal/x/prerequisite-imports as file:///C:/Users/trung/Desktop/Subject/cong-cu-moi-truong-phat-trien-phan-mem/game_doi_khang_multiphayer_socket_cocos_creator_nodejs/assets/KylinsEasyController/ThirdPersonCamera.ts.
debug: Inspect file:///C:/Users/trung/Desktop/Subject/cong-cu-moi-truong-phat-trien-phan-mem/game_doi_khang_multiphayer_socket_cocos_creator_nodejs/assets/KylinsEasyController/ThirdPersonCamera.ts
debug: Resolve cce:/internal/code-quality/cr.mjs from file:///C:/Users/trung/Desktop/Subject/cong-cu-moi-truong-phat-trien-phan-mem/game_doi_khang_multiphayer_socket_cocos_creator_nodejs/assets/KylinsEasyController/ThirdPersonCamera.ts as cce:/internal/code-quality/cr.mjs.
debug: Resolve cc from file:///C:/Users/trung/Desktop/Subject/cong-cu-moi-truong-phat-trien-phan-mem/game_doi_khang_multiphayer_socket_cocos_creator_nodejs/assets/KylinsEasyController/ThirdPersonCamera.ts as cce:/internal/x/cc.
debug: Resolve cc from file:///C:/Users/trung/Desktop/Subject/cong-cu-moi-truong-phat-trien-phan-mem/game_doi_khang_multiphayer_socket_cocos_creator_nodejs/assets/KylinsEasyController/ThirdPersonCamera.ts as cce:/internal/x/cc.
debug: Resolve cc from file:///C:/Users/trung/Desktop/Subject/cong-cu-moi-truong-phat-trien-phan-mem/game_doi_khang_multiphayer_socket_cocos_creator_nodejs/assets/KylinsEasyController/ThirdPersonCamera.ts as cce:/internal/x/cc.
debug: Resolve ./EasyController from file:///C:/Users/trung/Desktop/Subject/cong-cu-moi-truong-phat-trien-phan-mem/game_doi_khang_multiphayer_socket_cocos_creator_nodejs/assets/KylinsEasyController/ThirdPersonCamera.ts as file:///C:/Users/trung/Desktop/Subject/cong-cu-moi-truong-phat-trien-phan-mem/game_doi_khang_multiphayer_socket_cocos_creator_nodejs/assets/KylinsEasyController/EasyController.ts.
debug: Resolve file:///C:/Users/trung/Desktop/Subject/cong-cu-moi-truong-phat-trien-phan-mem/game_doi_khang_multiphayer_socket_cocos_creator_nodejs/assets/KylinsEasyController/UI_Joystick.ts from cce:/internal/x/prerequisite-imports as file:///C:/Users/trung/Desktop/Subject/cong-cu-moi-truong-phat-trien-phan-mem/game_doi_khang_multiphayer_socket_cocos_creator_nodejs/assets/KylinsEasyController/UI_Joystick.ts.
debug: Inspect file:///C:/Users/trung/Desktop/Subject/cong-cu-moi-truong-phat-trien-phan-mem/game_doi_khang_multiphayer_socket_cocos_creator_nodejs/assets/KylinsEasyController/UI_Joystick.ts
debug: Resolve cce:/internal/code-quality/cr.mjs from file:///C:/Users/trung/Desktop/Subject/cong-cu-moi-truong-phat-trien-phan-mem/game_doi_khang_multiphayer_socket_cocos_creator_nodejs/assets/KylinsEasyController/UI_Joystick.ts as cce:/internal/code-quality/cr.mjs.
debug: Resolve cc from file:///C:/Users/trung/Desktop/Subject/cong-cu-moi-truong-phat-trien-phan-mem/game_doi_khang_multiphayer_socket_cocos_creator_nodejs/assets/KylinsEasyController/UI_Joystick.ts as cce:/internal/x/cc.
debug: Resolve cc from file:///C:/Users/trung/Desktop/Subject/cong-cu-moi-truong-phat-trien-phan-mem/game_doi_khang_multiphayer_socket_cocos_creator_nodejs/assets/KylinsEasyController/UI_Joystick.ts as cce:/internal/x/cc.
debug: Resolve cc from file:///C:/Users/trung/Desktop/Subject/cong-cu-moi-truong-phat-trien-phan-mem/game_doi_khang_multiphayer_socket_cocos_creator_nodejs/assets/KylinsEasyController/UI_Joystick.ts as cce:/internal/x/cc.
debug: Resolve ./EasyController from file:///C:/Users/trung/Desktop/Subject/cong-cu-moi-truong-phat-trien-phan-mem/game_doi_khang_multiphayer_socket_cocos_creator_nodejs/assets/KylinsEasyController/UI_Joystick.ts as file:///C:/Users/trung/Desktop/Subject/cong-cu-moi-truong-phat-trien-phan-mem/game_doi_khang_multiphayer_socket_cocos_creator_nodejs/assets/KylinsEasyController/EasyController.ts.
debug: Target(preview) ends with cost 1468.615099966526ms.
debug: Pulling asset-db.
debug: Fetch asset-db cost: 3439.4952999949455ms.
debug: Build iteration starts.
Number of accumulated asset changes: 8
Feature changed: false
debug: Target(editor) build started.
debug: Detected change: cce:/internal/x/prerequisite-imports. Last mtime: Thu Jan 01 1970 08:00:48 GMT+0800 (Indochina Time), Current mtime: Thu Jan 01 1970 08:01:25 GMT+0800 (Indochina Time)
debug: Inspect cce:/internal/x/prerequisite-imports
debug: Resolve file:///C:/Users/trung/Desktop/Subject/cong-cu-moi-truong-phat-trien-phan-mem/game_doi_khang_multiphayer_socket_cocos_creator_nodejs/assets/DepthMapSetter.ts from cce:/internal/x/prerequisite-imports as file:///C:/Users/trung/Desktop/Subject/cong-cu-moi-truong-phat-trien-phan-mem/game_doi_khang_multiphayer_socket_cocos_creator_nodejs/assets/DepthMapSetter.ts.
debug: Resolve file:///C:/Users/trung/Desktop/Subject/cong-cu-moi-truong-phat-trien-phan-mem/game_doi_khang_multiphayer_socket_cocos_creator_nodejs/assets/FullScreenCtrl.ts from cce:/internal/x/prerequisite-imports as file:///C:/Users/trung/Desktop/Subject/cong-cu-moi-truong-phat-trien-phan-mem/game_doi_khang_multiphayer_socket_cocos_creator_nodejs/assets/FullScreenCtrl.ts.
debug: Resolve file:///C:/Users/trung/Desktop/Subject/cong-cu-moi-truong-phat-trien-phan-mem/game_doi_khang_multiphayer_socket_cocos_creator_nodejs/assets/KylinsEasyController/CharacterController.ts from cce:/internal/x/prerequisite-imports as file:///C:/Users/trung/Desktop/Subject/cong-cu-moi-truong-phat-trien-phan-mem/game_doi_khang_multiphayer_socket_cocos_creator_nodejs/assets/KylinsEasyController/CharacterController.ts.
debug: Resolve file:///C:/Users/trung/Desktop/Subject/cong-cu-moi-truong-phat-trien-phan-mem/game_doi_khang_multiphayer_socket_cocos_creator_nodejs/assets/KylinsEasyController/EasyController.ts from cce:/internal/x/prerequisite-imports as file:///C:/Users/trung/Desktop/Subject/cong-cu-moi-truong-phat-trien-phan-mem/game_doi_khang_multiphayer_socket_cocos_creator_nodejs/assets/KylinsEasyController/EasyController.ts.
debug: Resolve file:///C:/Users/trung/Desktop/Subject/cong-cu-moi-truong-phat-trien-phan-mem/game_doi_khang_multiphayer_socket_cocos_creator_nodejs/assets/KylinsEasyController/FPSCamera.ts from cce:/internal/x/prerequisite-imports as file:///C:/Users/trung/Desktop/Subject/cong-cu-moi-truong-phat-trien-phan-mem/game_doi_khang_multiphayer_socket_cocos_creator_nodejs/assets/KylinsEasyController/FPSCamera.ts.
debug: Resolve file:///C:/Users/trung/Desktop/Subject/cong-cu-moi-truong-phat-trien-phan-mem/game_doi_khang_multiphayer_socket_cocos_creator_nodejs/assets/KylinsEasyController/FreeCamera.ts from cce:/internal/x/prerequisite-imports as file:///C:/Users/trung/Desktop/Subject/cong-cu-moi-truong-phat-trien-phan-mem/game_doi_khang_multiphayer_socket_cocos_creator_nodejs/assets/KylinsEasyController/FreeCamera.ts.
debug: Resolve file:///C:/Users/trung/Desktop/Subject/cong-cu-moi-truong-phat-trien-phan-mem/game_doi_khang_multiphayer_socket_cocos_creator_nodejs/assets/KylinsEasyController/ThirdPersonCamera.ts from cce:/internal/x/prerequisite-imports as file:///C:/Users/trung/Desktop/Subject/cong-cu-moi-truong-phat-trien-phan-mem/game_doi_khang_multiphayer_socket_cocos_creator_nodejs/assets/KylinsEasyController/ThirdPersonCamera.ts.
debug: Resolve file:///C:/Users/trung/Desktop/Subject/cong-cu-moi-truong-phat-trien-phan-mem/game_doi_khang_multiphayer_socket_cocos_creator_nodejs/assets/KylinsEasyController/UI_Joystick.ts from cce:/internal/x/prerequisite-imports as file:///C:/Users/trung/Desktop/Subject/cong-cu-moi-truong-phat-trien-phan-mem/game_doi_khang_multiphayer_socket_cocos_creator_nodejs/assets/KylinsEasyController/UI_Joystick.ts.
debug: Target(editor) ends with cost 95.59309995174408ms.
debug: Target(preview) build started.
debug: Detected change: cce:/internal/x/prerequisite-imports. Last mtime: Thu Jan 01 1970 08:00:50 GMT+0800 (Indochina Time), Current mtime: Thu Jan 01 1970 08:01:25 GMT+0800 (Indochina Time)
debug: Inspect cce:/internal/x/prerequisite-imports
debug: Resolve file:///C:/Users/trung/Desktop/Subject/cong-cu-moi-truong-phat-trien-phan-mem/game_doi_khang_multiphayer_socket_cocos_creator_nodejs/assets/DepthMapSetter.ts from cce:/internal/x/prerequisite-imports as file:///C:/Users/trung/Desktop/Subject/cong-cu-moi-truong-phat-trien-phan-mem/game_doi_khang_multiphayer_socket_cocos_creator_nodejs/assets/DepthMapSetter.ts.
debug: Resolve file:///C:/Users/trung/Desktop/Subject/cong-cu-moi-truong-phat-trien-phan-mem/game_doi_khang_multiphayer_socket_cocos_creator_nodejs/assets/FullScreenCtrl.ts from cce:/internal/x/prerequisite-imports as file:///C:/Users/trung/Desktop/Subject/cong-cu-moi-truong-phat-trien-phan-mem/game_doi_khang_multiphayer_socket_cocos_creator_nodejs/assets/FullScreenCtrl.ts.
debug: Resolve file:///C:/Users/trung/Desktop/Subject/cong-cu-moi-truong-phat-trien-phan-mem/game_doi_khang_multiphayer_socket_cocos_creator_nodejs/assets/KylinsEasyController/CharacterController.ts from cce:/internal/x/prerequisite-imports as file:///C:/Users/trung/Desktop/Subject/cong-cu-moi-truong-phat-trien-phan-mem/game_doi_khang_multiphayer_socket_cocos_creator_nodejs/assets/KylinsEasyController/CharacterController.ts.
debug: Resolve file:///C:/Users/trung/Desktop/Subject/cong-cu-moi-truong-phat-trien-phan-mem/game_doi_khang_multiphayer_socket_cocos_creator_nodejs/assets/KylinsEasyController/EasyController.ts from cce:/internal/x/prerequisite-imports as file:///C:/Users/trung/Desktop/Subject/cong-cu-moi-truong-phat-trien-phan-mem/game_doi_khang_multiphayer_socket_cocos_creator_nodejs/assets/KylinsEasyController/EasyController.ts.
debug: Resolve file:///C:/Users/trung/Desktop/Subject/cong-cu-moi-truong-phat-trien-phan-mem/game_doi_khang_multiphayer_socket_cocos_creator_nodejs/assets/KylinsEasyController/FPSCamera.ts from cce:/internal/x/prerequisite-imports as file:///C:/Users/trung/Desktop/Subject/cong-cu-moi-truong-phat-trien-phan-mem/game_doi_khang_multiphayer_socket_cocos_creator_nodejs/assets/KylinsEasyController/FPSCamera.ts.
debug: Resolve file:///C:/Users/trung/Desktop/Subject/cong-cu-moi-truong-phat-trien-phan-mem/game_doi_khang_multiphayer_socket_cocos_creator_nodejs/assets/KylinsEasyController/FreeCamera.ts from cce:/internal/x/prerequisite-imports as file:///C:/Users/trung/Desktop/Subject/cong-cu-moi-truong-phat-trien-phan-mem/game_doi_khang_multiphayer_socket_cocos_creator_nodejs/assets/KylinsEasyController/FreeCamera.ts.
debug: Resolve file:///C:/Users/trung/Desktop/Subject/cong-cu-moi-truong-phat-trien-phan-mem/game_doi_khang_multiphayer_socket_cocos_creator_nodejs/assets/KylinsEasyController/ThirdPersonCamera.ts from cce:/internal/x/prerequisite-imports as file:///C:/Users/trung/Desktop/Subject/cong-cu-moi-truong-phat-trien-phan-mem/game_doi_khang_multiphayer_socket_cocos_creator_nodejs/assets/KylinsEasyController/ThirdPersonCamera.ts.
debug: Resolve file:///C:/Users/trung/Desktop/Subject/cong-cu-moi-truong-phat-trien-phan-mem/game_doi_khang_multiphayer_socket_cocos_creator_nodejs/assets/KylinsEasyController/UI_Joystick.ts from cce:/internal/x/prerequisite-imports as file:///C:/Users/trung/Desktop/Subject/cong-cu-moi-truong-phat-trien-phan-mem/game_doi_khang_multiphayer_socket_cocos_creator_nodejs/assets/KylinsEasyController/UI_Joystick.ts.
debug: Target(preview) ends with cost 66.9825000166893ms.
